  ChatGUIForm.cpp
D:\Source\repos\EncryptedChat\GUI-CLR\ChatGUIForm.h(30,18): error C2061: syntax error: identifier 'CWizReadWriteSocket'
D:\Source\repos\EncryptedChat\GUI-CLR\ChatGUIForm.h(31,17): error C2061: syntax error: identifier 'CWizReadWriteSocket'
D:\Source\repos\libs\rawsocket\Rawsocket.h(18,9): warning C4005: 'INVALID_SOCKET': macro redefinition
D:\Source\repos\libs\rawsocket\Rawsocket.h(19,9): warning C4005: 'SOCKET_ERROR': macro redefinition
D:\Source\repos\libs\rawsocket\Rawsocket.h(27,9): warning C4005: 'WSAEINTR': macro redefinition
D:\Source\repos\libs\rawsocket\Rawsocket.h(28,9): warning C4005: 'WSAEBADF': macro redefinition
D:\Source\repos\libs\rawsocket\Rawsocket.h(29,9): warning C4005: 'WSAEACCES': macro redefinition
D:\Source\repos\libs\rawsocket\Rawsocket.h(30,9): warning C4005: 'WSAEFAULT': macro redefinition
D:\Source\repos\libs\rawsocket\Rawsocket.h(31,9): warning C4005: 'WSAEINVAL': macro redefinition
D:\Source\repos\libs\rawsocket\Rawsocket.h(32,9): warning C4005: 'WSAEMFILE': macro redefinition
D:\Source\repos\libs\rawsocket\Rawsocket.h(33,9): warning C4005: 'WSAEWOULDBLOCK': macro redefinition
D:\Source\repos\libs\rawsocket\Rawsocket.h(34,9): warning C4005: 'WSAEINPROGRESS': macro redefinition
D:\Source\repos\libs\rawsocket\Rawsocket.h(35,9): warning C4005: 'WSAEALREADY': macro redefinition
D:\Source\repos\libs\rawsocket\Rawsocket.h(36,9): warning C4005: 'WSAENOTSOCK': macro redefinition
D:\Source\repos\EncryptedChat\GUI-CLR\ChatGUIForm.cpp(12,27): error C2511: 'void GUICLR::ChatGUIForm::writeChat(CWizReadWriteSocket *,GUICLR::ChatGUIForm ^)': overloaded member function not found in 'GUICLR::ChatGUIForm'
D:\Source\repos\EncryptedChat\GUI-CLR\ChatGUIForm.cpp(18,46): warning C4267: 'argument': conversion from 'size_t' to 'int', possible loss of data
D:\Source\repos\EncryptedChat\GUI-CLR\ChatGUIForm.cpp(26,27): error C2511: 'void GUICLR::ChatGUIForm::readChat(CWizReadWriteSocket *,GUICLR::ChatGUIForm ^)': overloaded member function not found in 'GUICLR::ChatGUIForm'
D:\Source\repos\EncryptedChat\GUI-CLR\ChatGUIForm.cpp(36,3): error C2671: 'GUICLR::ChatGUIForm::readChat': static member functions do not have 'this' pointers
D:\Source\repos\EncryptedChat\GUI-CLR\ChatGUIForm.cpp(39,1): error C2671: 'GUICLR::ChatGUIForm::readChat': static member functions do not have 'this' pointers
